
> temp_app@0.1.0 build
> next build

Γû▓ Next.js 16.1.6 (Turbopack)
- Environments: .env.local

  Creating an optimized production build ...
Γ£ô Compiled successfully in 4.2s
  Running TypeScript ...
  Collecting page data using 15 workers ...
  Generating static pages using 15 workers (0/7) ...
  Generating static pages using 15 workers (1/7) 
node.exe : Error 
occurred prerendering 
page "/_not-found". 
Read more: https://next
js.org/docs/messages/pr
erender-error
At line:1 char:1
+ & "C:\Program 
Files\nodejs/node.exe" 
"C:\Users\anujs\AppData
\Roaming\ ...
+ ~~~~~~~~~~~~~~~~~~~~~
~~~~~~~~~~~~~~~~~~~~~~~
~~~~~~~~~~~~~~~~~~~~~~~
~~
    + CategoryInfo     
         : NotSpecifi  
  ed: (Error occurre   
 d ...prerender-err    
or:String) [], Rem    
oteException
    + FullyQualifiedEr 
   rorId : NativeComm  
  andError
 
Error: Invalid 
supabaseUrl: Must be a 
valid HTTP or HTTPS 
URL.
    at <unknown> (C:\Us
ers\anujs\OneDrive\Docu
ments\Desktop\sepmpro\.
next\server\chunks\ssr\
_6f0c2ae4._.js:40:43509
)
    at new cd (C:\Users
\anujs\OneDrive\Documen
ts\Desktop\sepmpro\.nex
t\server\chunks\ssr\_6f
0c2ae4._.js:40:43691)
    at module 
evaluation (C:\Users\an
ujs\OneDrive\Documents\
Desktop\sepmpro\.next\s
erver\chunks\ssr\_6f0c2
ae4._.js:40:48029)
    at 
instantiateModule (C:\U
sers\anujs\OneDrive\Doc
uments\Desktop\sepmpro\
.next\server\chunks\ssr
\[turbopack]_runtime.js
:740:9)
    at getOrInstantiate
ModuleFromParent (C:\Us
ers\anujs\OneDrive\Docu
ments\Desktop\sepmpro\.
next\server\chunks\ssr\
[turbopack]_runtime.js:
763:12)
    at 
Context.esmImport [as 
i] (C:\Users\anujs\OneD
rive\Documents\Desktop\
sepmpro\.next\server\ch
unks\ssr\[turbopack]_ru
ntime.js:228:20)
    at module 
evaluation (C:\Users\an
ujs\OneDrive\Documents\
Desktop\sepmpro\.next\s
erver\chunks\ssr\[root-
of-the-server]__d13708a
f._.js:1:2910)
    at 
instantiateModule (C:\U
sers\anujs\OneDrive\Doc
uments\Desktop\sepmpro\
.next\server\chunks\ssr
\[turbopack]_runtime.js
:740:9)
    at getOrInstantiate
ModuleFromParent (C:\Us
ers\anujs\OneDrive\Docu
ments\Desktop\sepmpro\.
next\server\chunks\ssr\
[turbopack]_runtime.js:
763:12)
    at Context.commonJs
Require [as r] (C:\User
s\anujs\OneDrive\Docume
nts\Desktop\sepmpro\.ne
xt\server\chunks\ssr\[t
urbopack]_runtime.js:24
9:12) {
  digest: '3145443030'
}
Export encountered an 
error on 
/_not-found/page: 
/_not-found, exiting 
the build.
Γ¿» Next.js build 
worker exited with 
code: 1 and signal: 
null
